root@3d21b1fca8cd:/home/workspace/Udacity-Sensor-Fusion-Nanodegree/Camera/Lesson
-5-Project-2D-Feature-Tracking/build# ./2D_feature_tracking AKAZE SIFT MAT_FLANN DES_HOG SEL_KNN
#1 : LOAD IMAGE INTO BUFFER done
AKAZE detector with n=1351 keypoints in 141.478 ms
AKAZE detector with n=166 keypoints in the rectangle ROI
#2 : DETECT KEYPOINTS done
SIFT descriptor extraction in 42.5574 ms
#3 : EXTRACT DESCRIPTORS done
#1 : LOAD IMAGE INTO BUFFER done
AKAZE detector with n=1327 keypoints in 128.649 ms
AKAZE detector with n=157 keypoints in the rectangle ROI
#2 : DETECT KEYPOINTS done
SIFT descriptor extraction in 37.5424 ms
#3 : EXTRACT DESCRIPTORS done
MAT_FLANN matching (KNN) with n=166 matches in 3.17959 ms
Distance ratio test removed 31 keypoints
#4 : MATCH KEYPOINT DESCRIPTORS done
#1 : LOAD IMAGE INTO BUFFER done
AKAZE detector with n=1311 keypoints in 127.103 ms
AKAZE detector with n=161 keypoints in the rectangle ROI
#2 : DETECT KEYPOINTS done
SIFT descriptor extraction in 36.4199 ms
#3 : EXTRACT DESCRIPTORS done
MAT_FLANN matching (KNN) with n=157 matches in 2.95399 ms
Distance ratio test removed 21 keypoints
#4 : MATCH KEYPOINT DESCRIPTORS done
#1 : LOAD IMAGE INTO BUFFER done
AKAZE detector with n=1351 keypoints in 144.496 ms
AKAZE detector with n=155 keypoints in the rectangle ROI
#2 : DETECT KEYPOINTS done
SIFT descriptor extraction in 41.498 ms
#3 : EXTRACT DESCRIPTORS done
MAT_FLANN matching (KNN) with n=161 matches in 2.93011 ms
Distance ratio test removed 31 keypoints
#4 : MATCH KEYPOINT DESCRIPTORS done
#1 : LOAD IMAGE INTO BUFFER done
AKAZE detector with n=1360 keypoints in 147.418 ms
AKAZE detector with n=163 keypoints in the rectangle ROI
#2 : DETECT KEYPOINTS done
SIFT descriptor extraction in 38.1326 ms
#3 : EXTRACT DESCRIPTORS done
MAT_FLANN matching (KNN) with n=155 matches in 2.95468 ms
Distance ratio test removed 17 keypoints
#4 : MATCH KEYPOINT DESCRIPTORS done
#1 : LOAD IMAGE INTO BUFFER done
AKAZE detector with n=1347 keypoints in 150.817 ms
AKAZE detector with n=164 keypoints in the rectangle ROI
#2 : DETECT KEYPOINTS done
SIFT descriptor extraction in 44.2655 ms
#3 : EXTRACT DESCRIPTORS done
MAT_FLANN matching (KNN) with n=163 matches in 3.53185 ms
Distance ratio test removed 26 keypoints
#4 : MATCH KEYPOINT DESCRIPTORS done
#1 : LOAD IMAGE INTO BUFFER done
AKAZE detector with n=1363 keypoints in 155.978 ms
AKAZE detector with n=173 keypoints in the rectangle ROI
#2 : DETECT KEYPOINTS done
SIFT descriptor extraction in 41.1273 ms
#3 : EXTRACT DESCRIPTORS done
MAT_FLANN matching (KNN) with n=164 matches in 3.02355 ms
Distance ratio test removed 17 keypoints
#4 : MATCH KEYPOINT DESCRIPTORS done
#1 : LOAD IMAGE INTO BUFFER done
AKAZE detector with n=1331 keypoints in 151.541 ms
AKAZE detector with n=175 keypoints in the rectangle ROI
#2 : DETECT KEYPOINTS done
SIFT descriptor extraction in 43.8513 ms
#3 : EXTRACT DESCRIPTORS done
MAT_FLANN matching (KNN) with n=173 matches in 3.41016 ms
Distance ratio test removed 25 keypoints
#4 : MATCH KEYPOINT DESCRIPTORS done
#1 : LOAD IMAGE INTO BUFFER done
AKAZE detector with n=1357 keypoints in 144.492 ms
AKAZE detector with n=177 keypoints in the rectangle ROI
#2 : DETECT KEYPOINTS done
SIFT descriptor extraction in 48.061 ms
#3 : EXTRACT DESCRIPTORS done
MAT_FLANN matching (KNN) with n=175 matches in 3.40163 ms
Distance ratio test removed 20 keypoints
#4 : MATCH KEYPOINT DESCRIPTORS done
#1 : LOAD IMAGE INTO BUFFER done
AKAZE detector with n=1331 keypoints in 139.026 ms
AKAZE detector with n=179 keypoints in the rectangle ROI
#2 : DETECT KEYPOINTS done
SIFT descriptor extraction in 45.5693 ms
#3 : EXTRACT DESCRIPTORS done
MAT_FLANN matching (KNN) with n=177 matches in 3.34133 ms
Distance ratio test removed 26 keypoints
#4 : MATCH KEYPOINT DESCRIPTORS done