root@3d21b1fca8cd:/home/workspace/Udacity-Sensor-Fusion-Nanodegree/Camera/Lesson
-5-Project-2D-Feature-Tracking/build# ./2D_feature_tracking ORB BRIEF MAT_BF DES_BINARY SEL_KNN
#1 : LOAD IMAGE INTO BUFFER done
ORB detector with n=500 keypoints in 13.8198 ms
ORB detector with n=92 keypoints in the rectangle ROI
#2 : DETECT KEYPOINTS done
BRIEF descriptor extraction in 1.87427 ms
#3 : EXTRACT DESCRIPTORS done
#1 : LOAD IMAGE INTO BUFFER done
ORB detector with n=500 keypoints in 10.8222 ms
ORB detector with n=102 keypoints in the rectangle ROI
#2 : DETECT KEYPOINTS done
BRIEF descriptor extraction in 0.619782 ms
#3 : EXTRACT DESCRIPTORS done
MAT_BF matching (DES_BINARY) with cross-check=0 (KNN) with n=92 matches in 0.363903 ms
Distance ratio test removed 43 keypoints
#4 : MATCH KEYPOINT DESCRIPTORS done
#1 : LOAD IMAGE INTO BUFFER done
ORB detector with n=500 keypoints in 9.77432 ms
ORB detector with n=106 keypoints in the rectangle ROI
#2 : DETECT KEYPOINTS done
BRIEF descriptor extraction in 0.928749 ms
#3 : EXTRACT DESCRIPTORS done
MAT_BF matching (DES_BINARY) with cross-check=0 (KNN) with n=102 matches in 0.356335 ms
Distance ratio test removed 58 keypoints
#4 : MATCH KEYPOINT DESCRIPTORS done
#1 : LOAD IMAGE INTO BUFFER done
ORB detector with n=500 keypoints in 11.4727 ms
ORB detector with n=113 keypoints in the rectangle ROI
#2 : DETECT KEYPOINTS done
BRIEF descriptor extraction in 1.54058 ms
#3 : EXTRACT DESCRIPTORS done
MAT_BF matching (DES_BINARY) with cross-check=0 (KNN) with n=106 matches in 0.416863 ms
Distance ratio test removed 60 keypoints
#4 : MATCH KEYPOINT DESCRIPTORS done
#1 : LOAD IMAGE INTO BUFFER done
ORB detector with n=500 keypoints in 16.0221 ms
ORB detector with n=109 keypoints in the rectangle ROI
#2 : DETECT KEYPOINTS done
BRIEF descriptor extraction in 1.26631 ms
#3 : EXTRACT DESCRIPTORS done
MAT_BF matching (DES_BINARY) with cross-check=0 (KNN) with n=113 matches in 0.405377 ms
Distance ratio test removed 51 keypoints
#4 : MATCH KEYPOINT DESCRIPTORS done
#1 : LOAD IMAGE INTO BUFFER done
ORB detector with n=500 keypoints in 11.3368 ms
ORB detector with n=125 keypoints in the rectangle ROI
#2 : DETECT KEYPOINTS done
BRIEF descriptor extraction in 1.09186 ms
#3 : EXTRACT DESCRIPTORS done
MAT_BF matching (DES_BINARY) with cross-check=0 (KNN) with n=109 matches in 0.423851 ms
Distance ratio test removed 56 keypoints
#4 : MATCH KEYPOINT DESCRIPTORS done
#1 : LOAD IMAGE INTO BUFFER done
ORB detector with n=500 keypoints in 12.7441 ms
ORB detector with n=130 keypoints in the rectangle ROI
#2 : DETECT KEYPOINTS done
BRIEF descriptor extraction in 0.677208 ms
#3 : EXTRACT DESCRIPTORS done
MAT_BF matching (DES_BINARY) with cross-check=0 (KNN) with n=125 matches in 0.490232 ms
Distance ratio test removed 44 keypoints
#4 : MATCH KEYPOINT DESCRIPTORS done
#1 : LOAD IMAGE INTO BUFFER done
ORB detector with n=500 keypoints in 10.5966 ms
ORB detector with n=129 keypoints in the rectangle ROI
#2 : DETECT KEYPOINTS done
BRIEF descriptor extraction in 1.13144 ms
#3 : EXTRACT DESCRIPTORS done
MAT_BF matching (DES_BINARY) with cross-check=0 (KNN) with n=130 matches in 0.505057 ms
Distance ratio test removed 59 keypoints
#4 : MATCH KEYPOINT DESCRIPTORS done
#1 : LOAD IMAGE INTO BUFFER done
ORB detector with n=500 keypoints in 8.56043 ms
ORB detector with n=127 keypoints in the rectangle ROI
#2 : DETECT KEYPOINTS done
BRIEF descriptor extraction in 0.649564 ms
#3 : EXTRACT DESCRIPTORS done
MAT_BF matching (DES_BINARY) with cross-check=0 (KNN) with n=129 matches in 0.528562 ms
Distance ratio test removed 44 keypoints
#4 : MATCH KEYPOINT DESCRIPTORS done
#1 : LOAD IMAGE INTO BUFFER done
ORB detector with n=500 keypoints in 11.3885 ms
ORB detector with n=128 keypoints in the rectangle ROI
#2 : DETECT KEYPOINTS done
BRIEF descriptor extraction in 0.943975 ms
#3 : EXTRACT DESCRIPTORS done
MAT_BF matching (DES_BINARY) with cross-check=0 (KNN) with n=127 matches in 0.555617 ms
Distance ratio test removed 60 keypoints
#4 : MATCH KEYPOINT DESCRIPTORS done