root@3d21b1fca8cd:/home/workspace/Udacity-Sensor-Fusion-Nanodegree/Camera/Lesson
-5-Project-2D-Feature-Tracking/build# ./2D_feature_tracking SHITOMASI BRISK MAT_BF DES_BINARY SEL_KNN
#1 : LOAD IMAGE INTO BUFFER done
Shi-Tomasi detection with n=1370 keypoints in 24.5083 ms
SHITOMASI detector with n=125 keypoints in the rectangle ROI
#2 : DETECT KEYPOINTS done
BRISK descriptor extraction in 1.7398 ms
#3 : EXTRACT DESCRIPTORS done
#1 : LOAD IMAGE INTO BUFFER done
Shi-Tomasi detection with n=1301 keypoints in 19.6887 ms
SHITOMASI detector with n=118 keypoints in the rectangle ROI
#2 : DETECT KEYPOINTS done
BRISK descriptor extraction in 2.53611 ms
#3 : EXTRACT DESCRIPTORS done
MAT_BF matching (DES_BINARY) with cross-check=0 (KNN) with n=125 matches in 0.551786 ms
Distance ratio test removed 30 keypoints
#4 : MATCH KEYPOINT DESCRIPTORS done
#1 : LOAD IMAGE INTO BUFFER done
Shi-Tomasi detection with n=1361 keypoints in 20.7215 ms
SHITOMASI detector with n=123 keypoints in the rectangle ROI
#2 : DETECT KEYPOINTS done
BRISK descriptor extraction in 2.55029 ms
#3 : EXTRACT DESCRIPTORS done
MAT_BF matching (DES_BINARY) with cross-check=0 (KNN) with n=118 matches in 0.53344 ms
Distance ratio test removed 30 keypoints
#4 : MATCH KEYPOINT DESCRIPTORS done
#1 : LOAD IMAGE INTO BUFFER done
Shi-Tomasi detection with n=1358 keypoints in 20.1513 ms
SHITOMASI detector with n=120 keypoints in the rectangle ROI
#2 : DETECT KEYPOINTS done
BRISK descriptor extraction in 2.51435 ms
#3 : EXTRACT DESCRIPTORS done
MAT_BF matching (DES_BINARY) with cross-check=0 (KNN) with n=123 matches in 0.496342 ms
Distance ratio test removed 43 keypoints
#4 : MATCH KEYPOINT DESCRIPTORS done
#1 : LOAD IMAGE INTO BUFFER done
Shi-Tomasi detection with n=1333 keypoints in 18.1046 ms
SHITOMASI detector with n=120 keypoints in the rectangle ROI
#2 : DETECT KEYPOINTS done
BRISK descriptor extraction in 2.82309 ms
#3 : EXTRACT DESCRIPTORS done
MAT_BF matching (DES_BINARY) with cross-check=0 (KNN) with n=120 matches in 0.507287 ms
Distance ratio test removed 30 keypoints
#4 : MATCH KEYPOINT DESCRIPTORS done
#1 : LOAD IMAGE INTO BUFFER done
Shi-Tomasi detection with n=1284 keypoints in 16.8045 ms
SHITOMASI detector with n=113 keypoints in the rectangle ROI
#2 : DETECT KEYPOINTS done
BRISK descriptor extraction in 2.45765 ms
#3 : EXTRACT DESCRIPTORS done
MAT_BF matching (DES_BINARY) with cross-check=0 (KNN) with n=120 matches in 0.456654 ms
Distance ratio test removed 37 keypoints
#4 : MATCH KEYPOINT DESCRIPTORS done
#1 : LOAD IMAGE INTO BUFFER done
Shi-Tomasi detection with n=1322 keypoints in 19.9207 ms
SHITOMASI detector with n=114 keypoints in the rectangle ROI
#2 : DETECT KEYPOINTS done
BRISK descriptor extraction in 2.61617 ms
#3 : EXTRACT DESCRIPTORS done
MAT_BF matching (DES_BINARY) with cross-check=0 (KNN) with n=113 matches in 0.458183 ms
Distance ratio test removed 33 keypoints
#4 : MATCH KEYPOINT DESCRIPTORS done
#1 : LOAD IMAGE INTO BUFFER done
Shi-Tomasi detection with n=1366 keypoints in 19.3619 ms
SHITOMASI detector with n=123 keypoints in the rectangle ROI
#2 : DETECT KEYPOINTS done
BRISK descriptor extraction in 2.56809 ms
#3 : EXTRACT DESCRIPTORS done
MAT_BF matching (DES_BINARY) with cross-check=0 (KNN) with n=114 matches in 0.478184 ms
Distance ratio test removed 28 keypoints
#4 : MATCH KEYPOINT DESCRIPTORS done
#1 : LOAD IMAGE INTO BUFFER done
Shi-Tomasi detection with n=1389 keypoints in 19.8177 ms
SHITOMASI detector with n=111 keypoints in the rectangle ROI
#2 : DETECT KEYPOINTS done
BRISK descriptor extraction in 2.74188 ms
#3 : EXTRACT DESCRIPTORS done
MAT_BF matching (DES_BINARY) with cross-check=0 (KNN) with n=123 matches in 0.462473 ms
Distance ratio test removed 37 keypoints
#4 : MATCH KEYPOINT DESCRIPTORS done
#1 : LOAD IMAGE INTO BUFFER done
Shi-Tomasi detection with n=1339 keypoints in 20.4272 ms
SHITOMASI detector with n=112 keypoints in the rectangle ROI
#2 : DETECT KEYPOINTS done
BRISK descriptor extraction in 2.47898 ms
#3 : EXTRACT DESCRIPTORS done
MAT_BF matching (DES_BINARY) with cross-check=0 (KNN) with n=111 matches in 0.683818 ms
Distance ratio test removed 29 keypoints
#4 : MATCH KEYPOINT DESCRIPTORS done