root@3d21b1fca8cd:/home/workspace/Udacity-Sensor-Fusion-Nanodegree/Camera/Lesson
-5-Project-2D-Feature-Tracking/build# ./2D_feature_tracking SHITOMASI ORB MAT_BF DES_BINARY SEL_KNN
#1 : LOAD IMAGE INTO BUFFER done
Shi-Tomasi detection with n=1370 keypoints in 22.9212 ms
SHITOMASI detector with n=125 keypoints in the rectangle ROI
#2 : DETECT KEYPOINTS done
ORB descriptor extraction in 3.46359 ms
#3 : EXTRACT DESCRIPTORS done
#1 : LOAD IMAGE INTO BUFFER done
Shi-Tomasi detection with n=1301 keypoints in 17.893 ms
SHITOMASI detector with n=118 keypoints in the rectangle ROI
#2 : DETECT KEYPOINTS done
ORB descriptor extraction in 1.15574 ms
#3 : EXTRACT DESCRIPTORS done
MAT_BF matching (DES_BINARY) with cross-check=0 (KNN) with n=125 matches in 0.583706 ms
Distance ratio test removed 19 keypoints
#4 : MATCH KEYPOINT DESCRIPTORS done
#1 : LOAD IMAGE INTO BUFFER done
Shi-Tomasi detection with n=1361 keypoints in 20.1829 ms
SHITOMASI detector with n=123 keypoints in the rectangle ROI
#2 : DETECT KEYPOINTS done
ORB descriptor extraction in 0.987068 ms
#3 : EXTRACT DESCRIPTORS done
MAT_BF matching (DES_BINARY) with cross-check=0 (KNN) with n=118 matches in 0.531187 ms
Distance ratio test removed 16 keypoints
#4 : MATCH KEYPOINT DESCRIPTORS done
#1 : LOAD IMAGE INTO BUFFER done
Shi-Tomasi detection with n=1358 keypoints in 22.2284 ms
SHITOMASI detector with n=120 keypoints in the rectangle ROI
#2 : DETECT KEYPOINTS done
ORB descriptor extraction in 1.0157 ms
#3 : EXTRACT DESCRIPTORS done
MAT_BF matching (DES_BINARY) with cross-check=0 (KNN) with n=123 matches in 0.525517 ms
Distance ratio test removed 24 keypoints
#4 : MATCH KEYPOINT DESCRIPTORS done
#1 : LOAD IMAGE INTO BUFFER done
Shi-Tomasi detection with n=1333 keypoints in 19.9596 ms
SHITOMASI detector with n=120 keypoints in the rectangle ROI
#2 : DETECT KEYPOINTS done
ORB descriptor extraction in 1.51875 ms
#3 : EXTRACT DESCRIPTORS done
MAT_BF matching (DES_BINARY) with cross-check=0 (KNN) with n=120 matches in 0.530436 ms
Distance ratio test removed 18 keypoints
#4 : MATCH KEYPOINT DESCRIPTORS done
#1 : LOAD IMAGE INTO BUFFER done
Shi-Tomasi detection with n=1284 keypoints in 18.9177 ms
SHITOMASI detector with n=113 keypoints in the rectangle ROI
#2 : DETECT KEYPOINTS done
ORB descriptor extraction in 1.59315 ms
#3 : EXTRACT DESCRIPTORS done
MAT_BF matching (DES_BINARY) with cross-check=0 (KNN) with n=120 matches in 0.47373 ms
Distance ratio test removed 17 keypoints
#4 : MATCH KEYPOINT DESCRIPTORS done
#1 : LOAD IMAGE INTO BUFFER done
Shi-Tomasi detection with n=1322 keypoints in 22.5659 ms
SHITOMASI detector with n=114 keypoints in the rectangle ROI
#2 : DETECT KEYPOINTS done
ORB descriptor extraction in 1.56704 ms
#3 : EXTRACT DESCRIPTORS done
MAT_BF matching (DES_BINARY) with cross-check=0 (KNN) with n=113 matches in 0.460695 ms
Distance ratio test removed 16 keypoints
#4 : MATCH KEYPOINT DESCRIPTORS done
#1 : LOAD IMAGE INTO BUFFER done
Shi-Tomasi detection with n=1366 keypoints in 23.1394 ms
SHITOMASI detector with n=123 keypoints in the rectangle ROI
#2 : DETECT KEYPOINTS done
ORB descriptor extraction in 1.5755 ms
#3 : EXTRACT DESCRIPTORS done
MAT_BF matching (DES_BINARY) with cross-check=0 (KNN) with n=114 matches in 0.822083 ms
Distance ratio test removed 16 keypoints
#4 : MATCH KEYPOINT DESCRIPTORS done
#1 : LOAD IMAGE INTO BUFFER done
Shi-Tomasi detection with n=1389 keypoints in 24.259 ms
SHITOMASI detector with n=111 keypoints in the rectangle ROI
#2 : DETECT KEYPOINTS done
ORB descriptor extraction in 6.86939 ms
#3 : EXTRACT DESCRIPTORS done
MAT_BF matching (DES_BINARY) with cross-check=0 (KNN) with n=123 matches in 0.571289 ms
Distance ratio test removed 19 keypoints
#4 : MATCH KEYPOINT DESCRIPTORS done
#1 : LOAD IMAGE INTO BUFFER done
Shi-Tomasi detection with n=1339 keypoints in 16.9212 ms
SHITOMASI detector with n=112 keypoints in the rectangle ROI
#2 : DETECT KEYPOINTS done
ORB descriptor extraction in 0.983678 ms
#3 : EXTRACT DESCRIPTORS done
MAT_BF matching (DES_BINARY) with cross-check=0 (KNN) with n=111 matches in 0.446136 ms
Distance ratio test removed 14 keypoints
#4 : MATCH KEYPOINT DESCRIPTORS done