root@3d21b1fca8cd:/home/workspace/Udacity-Sensor-Fusion-Nanodegree/Camera/Lesson
-5-Project-2D-Feature-Tracking/build# ./2D_feature_tracking SHITOMASI BRIEF MAT_BF DES_BINARY SEL_KNN
#1 : LOAD IMAGE INTO BUFFER done
Shi-Tomasi detection with n=1370 keypoints in 24.5309 ms
SHITOMASI detector with n=125 keypoints in the rectangle ROI
#2 : DETECT KEYPOINTS done
BRIEF descriptor extraction in 2.77807 ms
#3 : EXTRACT DESCRIPTORS done
#1 : LOAD IMAGE INTO BUFFER done
Shi-Tomasi detection with n=1301 keypoints in 18.0339 ms
SHITOMASI detector with n=118 keypoints in the rectangle ROI
#2 : DETECT KEYPOINTS done
BRIEF descriptor extraction in 1.4467 ms
#3 : EXTRACT DESCRIPTORS done
MAT_BF matching (DES_BINARY) with cross-check=0 (KNN) with n=125 matches in 0.516536 ms
Distance ratio test removed 10 keypoints
#4 : MATCH KEYPOINT DESCRIPTORS done
#1 : LOAD IMAGE INTO BUFFER done
Shi-Tomasi detection with n=1361 keypoints in 22.3652 ms
SHITOMASI detector with n=123 keypoints in the rectangle ROI
#2 : DETECT KEYPOINTS done
BRIEF descriptor extraction in 1.42383 ms
#3 : EXTRACT DESCRIPTORS done
MAT_BF matching (DES_BINARY) with cross-check=0 (KNN) with n=118 matches in 0.456353 ms
Distance ratio test removed 7 keypoints
#4 : MATCH KEYPOINT DESCRIPTORS done
#1 : LOAD IMAGE INTO BUFFER done
Shi-Tomasi detection with n=1358 keypoints in 20.7125 ms
SHITOMASI detector with n=120 keypoints in the rectangle ROI
#2 : DETECT KEYPOINTS done
BRIEF descriptor extraction in 1.39846 ms
#3 : EXTRACT DESCRIPTORS done
MAT_BF matching (DES_BINARY) with cross-check=0 (KNN) with n=123 matches in 0.488928 ms
Distance ratio test removed 19 keypoints
#4 : MATCH KEYPOINT DESCRIPTORS done
#1 : LOAD IMAGE INTO BUFFER done
Shi-Tomasi detection with n=1333 keypoints in 20.2148 ms
SHITOMASI detector with n=120 keypoints in the rectangle ROI
#2 : DETECT KEYPOINTS done
BRIEF descriptor extraction in 1.45688 ms
#3 : EXTRACT DESCRIPTORS done
MAT_BF matching (DES_BINARY) with cross-check=0 (KNN) with n=120 matches in 0.461413 ms
Distance ratio test removed 18 keypoints
#4 : MATCH KEYPOINT DESCRIPTORS done
#1 : LOAD IMAGE INTO BUFFER done
Shi-Tomasi detection with n=1284 keypoints in 22.2174 ms
SHITOMASI detector with n=113 keypoints in the rectangle ROI
#2 : DETECT KEYPOINTS done
BRIEF descriptor extraction in 1.34506 ms
#3 : EXTRACT DESCRIPTORS done
MAT_BF matching (DES_BINARY) with cross-check=0 (KNN) with n=120 matches in 0.455027 ms
Distance ratio test removed 18 keypoints
#4 : MATCH KEYPOINT DESCRIPTORS done
#1 : LOAD IMAGE INTO BUFFER done
Shi-Tomasi detection with n=1322 keypoints in 23.0074 ms
SHITOMASI detector with n=114 keypoints in the rectangle ROI
#2 : DETECT KEYPOINTS done
BRIEF descriptor extraction in 1.96789 ms
#3 : EXTRACT DESCRIPTORS done
MAT_BF matching (DES_BINARY) with cross-check=0 (KNN) with n=113 matches in 0.655967 ms
Distance ratio test removed 10 keypoints
#4 : MATCH KEYPOINT DESCRIPTORS done
#1 : LOAD IMAGE INTO BUFFER done
Shi-Tomasi detection with n=1366 keypoints in 22.8383 ms
SHITOMASI detector with n=123 keypoints in the rectangle ROI
#2 : DETECT KEYPOINTS done
BRIEF descriptor extraction in 1.94372 ms
#3 : EXTRACT DESCRIPTORS done
MAT_BF matching (DES_BINARY) with cross-check=0 (KNN) with n=114 matches in 0.705753 ms
Distance ratio test removed 14 keypoints
#4 : MATCH KEYPOINT DESCRIPTORS done
#1 : LOAD IMAGE INTO BUFFER done
Shi-Tomasi detection with n=1389 keypoints in 28.9136 ms
SHITOMASI detector with n=111 keypoints in the rectangle ROI
#2 : DETECT KEYPOINTS done
BRIEF descriptor extraction in 1.727 ms
#3 : EXTRACT DESCRIPTORS done
MAT_BF matching (DES_BINARY) with cross-check=0 (KNN) with n=123 matches in 0.648214 ms
Distance ratio test removed 14 keypoints
#4 : MATCH KEYPOINT DESCRIPTORS done
#1 : LOAD IMAGE INTO BUFFER done
Shi-Tomasi detection with n=1339 keypoints in 23.2361 ms
SHITOMASI detector with n=112 keypoints in the rectangle ROI
#2 : DETECT KEYPOINTS done
BRIEF descriptor extraction in 1.8771 ms
#3 : EXTRACT DESCRIPTORS done
MAT_BF matching (DES_BINARY) with cross-check=0 (KNN) with n=111 matches in 2.1521 ms
Distance ratio test removed 10 keypoints
#4 : MATCH KEYPOINT DESCRIPTORS done