root@3d21b1fca8cd:/home/workspace/Udacity-Sensor-Fusion-Nanodegree/Camera/Lesson
-5-Project-2D-Feature-Tracking/build# ./2D_feature_tracking SHITOMASI SIFT MAT_FLANN DES_HOG SEL_KNN
#1 : LOAD IMAGE INTO BUFFER done
Shi-Tomasi detection with n=1370 keypoints in 23.997 ms
SHITOMASI detector with n=125 keypoints in the rectangle ROI
#2 : DETECT KEYPOINTS done
SIFT descriptor extraction in 31.2983 ms
#3 : EXTRACT DESCRIPTORS done
#1 : LOAD IMAGE INTO BUFFER done
Shi-Tomasi detection with n=1301 keypoints in 16.0239 ms
SHITOMASI detector with n=118 keypoints in the rectangle ROI
#2 : DETECT KEYPOINTS done
SIFT descriptor extraction in 20.5299 ms
#3 : EXTRACT DESCRIPTORS done
MAT_FLANN matching (KNN) with n=125 matches in 5.53826 ms
Distance ratio test removed 13 keypoints
#4 : MATCH KEYPOINT DESCRIPTORS done
#1 : LOAD IMAGE INTO BUFFER done
Shi-Tomasi detection with n=1361 keypoints in 16.2125 ms
SHITOMASI detector with n=123 keypoints in the rectangle ROI
#2 : DETECT KEYPOINTS done
SIFT descriptor extraction in 31.2348 ms
#3 : EXTRACT DESCRIPTORS done
MAT_FLANN matching (KNN) with n=118 matches in 3.51294 ms
Distance ratio test removed 9 keypoints
#4 : MATCH KEYPOINT DESCRIPTORS done
#1 : LOAD IMAGE INTO BUFFER done
Shi-Tomasi detection with n=1358 keypoints in 13.5337 ms
SHITOMASI detector with n=120 keypoints in the rectangle ROI
#2 : DETECT KEYPOINTS done
SIFT descriptor extraction in 20.2524 ms
#3 : EXTRACT DESCRIPTORS done
MAT_FLANN matching (KNN) with n=123 matches in 3.17314 ms
Distance ratio test removed 19 keypoints
#4 : MATCH KEYPOINT DESCRIPTORS done
#1 : LOAD IMAGE INTO BUFFER done
Shi-Tomasi detection with n=1333 keypoints in 12.1879 ms
SHITOMASI detector with n=120 keypoints in the rectangle ROI
#2 : DETECT KEYPOINTS done
SIFT descriptor extraction in 34.3869 ms
#3 : EXTRACT DESCRIPTORS done
MAT_FLANN matching (KNN) with n=120 matches in 3.50904 ms
Distance ratio test removed 17 keypoints
#4 : MATCH KEYPOINT DESCRIPTORS done
#1 : LOAD IMAGE INTO BUFFER done
Shi-Tomasi detection with n=1284 keypoints in 11.6696 ms
SHITOMASI detector with n=113 keypoints in the rectangle ROI
#2 : DETECT KEYPOINTS done
SIFT descriptor extraction in 21.8157 ms
#3 : EXTRACT DESCRIPTORS done
MAT_FLANN matching (KNN) with n=120 matches in 2.50731 ms
Distance ratio test removed 21 keypoints
#4 : MATCH KEYPOINT DESCRIPTORS done
#1 : LOAD IMAGE INTO BUFFER done
Shi-Tomasi detection with n=1322 keypoints in 14.8672 ms
SHITOMASI detector with n=114 keypoints in the rectangle ROI
#2 : DETECT KEYPOINTS done
SIFT descriptor extraction in 18.256 ms
#3 : EXTRACT DESCRIPTORS done
MAT_FLANN matching (KNN) with n=113 matches in 3.21804 ms
Distance ratio test removed 12 keypoints
#4 : MATCH KEYPOINT DESCRIPTORS done
#1 : LOAD IMAGE INTO BUFFER done
Shi-Tomasi detection with n=1366 keypoints in 19.5199 ms
SHITOMASI detector with n=123 keypoints in the rectangle ROI
#2 : DETECT KEYPOINTS done
SIFT descriptor extraction in 23.9453 ms
#3 : EXTRACT DESCRIPTORS done
MAT_FLANN matching (KNN) with n=114 matches in 3.44067 ms
Distance ratio test removed 17 keypoints
#4 : MATCH KEYPOINT DESCRIPTORS done
#1 : LOAD IMAGE INTO BUFFER done
Shi-Tomasi detection with n=1389 keypoints in 11.6532 ms
SHITOMASI detector with n=111 keypoints in the rectangle ROI
#2 : DETECT KEYPOINTS done
SIFT descriptor extraction in 25.027 ms
#3 : EXTRACT DESCRIPTORS done
MAT_FLANN matching (KNN) with n=123 matches in 3.31837 ms
Distance ratio test removed 16 keypoints
#4 : MATCH KEYPOINT DESCRIPTORS done
#1 : LOAD IMAGE INTO BUFFER done
Shi-Tomasi detection with n=1339 keypoints in 16.5242 ms
SHITOMASI detector with n=112 keypoints in the rectangle ROI
#2 : DETECT KEYPOINTS done
SIFT descriptor extraction in 23.3942 ms
#3 : EXTRACT DESCRIPTORS done
MAT_FLANN matching (KNN) with n=111 matches in 3.26874 ms
Distance ratio test removed 14 keypoints
#4 : MATCH KEYPOINT DESCRIPTORS done
