root@3d21b1fca8cd:/home/workspace/Udacity-Sensor-Fusion-Nanodegree/Camera/Lesson
-5-Project-2D-Feature-Tracking/build# ./2D_feature_tracking SHITOMASI FREAK MAT_BF DES_BINARY SEL_KNN
#1 : LOAD IMAGE INTO BUFFER done
Shi-Tomasi detection with n=1370 keypoints in 23.7554 ms
SHITOMASI detector with n=125 keypoints in the rectangle ROI
#2 : DETECT KEYPOINTS done
FREAK descriptor extraction in 56.3778 ms
#3 : EXTRACT DESCRIPTORS done
#1 : LOAD IMAGE INTO BUFFER done
Shi-Tomasi detection with n=1301 keypoints in 23.1078 ms
SHITOMASI detector with n=118 keypoints in the rectangle ROI
#2 : DETECT KEYPOINTS done
FREAK descriptor extraction in 52.2066 ms
#3 : EXTRACT DESCRIPTORS done
MAT_BF matching (DES_BINARY) with cross-check=0 (KNN) with n=125 matches in 0.558901 ms
Distance ratio test removed 39 keypoints
#4 : MATCH KEYPOINT DESCRIPTORS done
#1 : LOAD IMAGE INTO BUFFER done
Shi-Tomasi detection with n=1361 keypoints in 16.9966 ms
SHITOMASI detector with n=123 keypoints in the rectangle ROI
#2 : DETECT KEYPOINTS done
FREAK descriptor extraction in 56.3893 ms
#3 : EXTRACT DESCRIPTORS done
MAT_BF matching (DES_BINARY) with cross-check=0 (KNN) with n=118 matches in 0.515163 ms
Distance ratio test removed 28 keypoints
#4 : MATCH KEYPOINT DESCRIPTORS done
#1 : LOAD IMAGE INTO BUFFER done
Shi-Tomasi detection with n=1358 keypoints in 15.8728 ms
SHITOMASI detector with n=120 keypoints in the rectangle ROI
#2 : DETECT KEYPOINTS done
FREAK descriptor extraction in 52.6837 ms
#3 : EXTRACT DESCRIPTORS done
MAT_BF matching (DES_BINARY) with cross-check=0 (KNN) with n=123 matches in 0.527948 ms
Distance ratio test removed 36 keypoints
#4 : MATCH KEYPOINT DESCRIPTORS done
#1 : LOAD IMAGE INTO BUFFER done
Shi-Tomasi detection with n=1333 keypoints in 11.8953 ms
SHITOMASI detector with n=120 keypoints in the rectangle ROI
#2 : DETECT KEYPOINTS done
FREAK descriptor extraction in 56.3377 ms
#3 : EXTRACT DESCRIPTORS done
MAT_BF matching (DES_BINARY) with cross-check=0 (KNN) with n=120 matches in 0.490111 ms
Distance ratio test removed 32 keypoints
#4 : MATCH KEYPOINT DESCRIPTORS done
#1 : LOAD IMAGE INTO BUFFER done
Shi-Tomasi detection with n=1284 keypoints in 15.6277 ms
SHITOMASI detector with n=113 keypoints in the rectangle ROI
#2 : DETECT KEYPOINTS done
FREAK descriptor extraction in 51.5779 ms
#3 : EXTRACT DESCRIPTORS done
MAT_BF matching (DES_BINARY) with cross-check=0 (KNN) with n=120 matches in 0.468086 ms
Distance ratio test removed 34 keypoints
#4 : MATCH KEYPOINT DESCRIPTORS done
#1 : LOAD IMAGE INTO BUFFER done
Shi-Tomasi detection with n=1322 keypoints in 12.2586 ms
SHITOMASI detector with n=114 keypoints in the rectangle ROI
#2 : DETECT KEYPOINTS done
FREAK descriptor extraction in 55.9528 ms
#3 : EXTRACT DESCRIPTORS done
MAT_BF matching (DES_BINARY) with cross-check=0 (KNN) with n=113 matches in 0.458928 ms
Distance ratio test removed 33 keypoints
#4 : MATCH KEYPOINT DESCRIPTORS done
#1 : LOAD IMAGE INTO BUFFER done
Shi-Tomasi detection with n=1366 keypoints in 11.9976 ms
SHITOMASI detector with n=123 keypoints in the rectangle ROI
#2 : DETECT KEYPOINTS done
FREAK descriptor extraction in 56.2824 ms
#3 : EXTRACT DESCRIPTORS done
MAT_BF matching (DES_BINARY) with cross-check=0 (KNN) with n=114 matches in 0.594307 ms
Distance ratio test removed 33 keypoints
#4 : MATCH KEYPOINT DESCRIPTORS done
#1 : LOAD IMAGE INTO BUFFER done
Shi-Tomasi detection with n=1389 keypoints in 12.34 ms
SHITOMASI detector with n=111 keypoints in the rectangle ROI
#2 : DETECT KEYPOINTS done
FREAK descriptor extraction in 57.1258 ms
#3 : EXTRACT DESCRIPTORS done
MAT_BF matching (DES_BINARY) with cross-check=0 (KNN) with n=123 matches in 0.489959 ms
Distance ratio test removed 36 keypoints
#4 : MATCH KEYPOINT DESCRIPTORS done
#1 : LOAD IMAGE INTO BUFFER done
Shi-Tomasi detection with n=1339 keypoints in 12.6366 ms
SHITOMASI detector with n=112 keypoints in the rectangle ROI
#2 : DETECT KEYPOINTS done
FREAK descriptor extraction in 67.4911 ms
#3 : EXTRACT DESCRIPTORS done
MAT_BF matching (DES_BINARY) with cross-check=0 (KNN) with n=111 matches in 0.431591 ms
Distance ratio test removed 26 keypoints
#4 : MATCH KEYPOINT DESCRIPTORS done